Build started 2018/1/13 13:50:52.
     1>Project "F:\wpf_mytest\Litcode\Arrangement\Arrangement\Arrangement.vcxproj" on node 2 (build target(s)).
     1>InitializeBuildStatus:
         Creating "Debug\Arrangement.unsuccessfulbuild" because "AlwaysCreate" was specified.
       ClCompile:
         All outputs are up-to-date.
         C:\Program Files (x86)\Microsoft Visual Studio 10.0\VC\bin\CL.exe /c /ZI /nologo /W3 /WX- /Od /Oy- /D WIN32 /D _DEBUG /D _CONSOLE /D _UNICODE /D UNICODE /Gm /EHsc /RTC1 /MDd /GS /fp:precise /Zc:wchar_t /Zc:forScope /Yu"StdAfx.h" /Fp"Debug\Arrangement.pch" /Fo"Debug\\" /Fd"Debug\vc100.pdb" /Gd /TP /analyze- /errorReport:prompt Arrangement.cpp
         Arrangement.cpp
     1>f:\wpf_mytest\litcode\arrangement\arrangement\arrangement.cpp(18): warning C4018: '<' : signed/unsigned mismatch
       ManifestResourceCompile:
         All outputs are up-to-date.
       Link:
         C:\Program Files (x86)\Microsoft Visual Studio 10.0\VC\bin\link.exe /ERRORREPORT:PROMPT /OUT:"F:\wpf_mytest\Litcode\Arrangement\Debug\Arrangement.exe" /INCREMENTAL /NOLOGO kernel32.lib user32.lib gdi32.lib winspool.lib comdlg32.lib advapi32.lib shell32.lib ole32.lib oleaut32.lib uuid.lib odbc32.lib odbccp32.lib /MANIFEST /ManifestFile:"Debug\Arrangement.exe.intermediate.manifest" /MANIFESTUAC:"level='asInvoker' uiAccess='false'" /DEBUG /PDB:"F:\wpf_mytest\Litcode\Arrangement\Debug\Arrangement.pdb" /SUBSYSTEM:CONSOLE /TLBID:1 /DYNAMICBASE /NXCOMPAT /IMPLIB:"F:\wpf_mytest\Litcode\Arrangement\Debug\Arrangement.lib" /MACHINE:X86 Debug\Arrangement.exe.embed.manifest.res
         Debug\Arrangement.obj
         Debug\stdafx.obj
       Manifest:
         C:\Program Files (x86)\Microsoft SDKs\Windows\v7.0A\bin\mt.exe /nologo /verbose /out:"Debug\Arrangement.exe.embed.manifest" /manifest Debug\Arrangement.exe.intermediate.manifest
         All outputs are up-to-date.
       LinkEmbedManifest:
         All outputs are up-to-date.
         Arrangement.vcxproj -> F:\wpf_mytest\Litcode\Arrangement\Debug\Arrangement.exe
       FinalizeBuildStatus:
         Deleting file "Debug\Arrangement.unsuccessfulbuild".
         Touching "Debug\Arrangement.lastbuildstate".
     1>Done Building Project "F:\wpf_mytest\Litcode\Arrangement\Arrangement\Arrangement.vcxproj" (build target(s)).

Build succeeded.

Time Elapsed 00:00:00.69
